<?xml version="1.0" encoding="UTF-8"?>
<testsuite xmlns:xsi="http://www.w3.org/2001/XMLSchema-instance" xsi:noNamespaceSchemaLocation="https://maven.apache.org/surefire/maven-surefire-plugin/xsd/surefire-test-report.xsd" name="testScenarios.DragandDrop" time="19.349" tests="1" errors="1" skipped="0" failures="0">
  <properties>
[...]
</properties>
  <testcase name="TestScenario2[0: {&quot;browserName&quot;:&quot;Chrome&quot;,&quot;browserVersion&quot;:&quot;latest&quot;,&quot;LT:Options&quot;:{&quot;platform&quot;:&quot;Windows 10&quot;,&quot;name&quot;:&quot;Playwright HyperExecute Test&quot;,&quot;build&quot;:&quot;Playwright HyperExecute Build&quot;,&quot;user&quot;:&quot;annwesa_basu&quot;,&quot;username&quot;:&quot;annwesa_basu&quot;,&quot;accessKey&quot;:&quot;DxEu7pnp8VtKuv5cMUvH14gizjRE47hJUu9j8wmE0zpKSF1swK&quot;,&quot;video&quot;:true,&quot;visual&quot;:true,&quot;network&quot;:true,&quot;console&quot;:&quot;true&quot;,&quot;accessibility&quot;:true,&quot;tunnel&quot;:false}}]" classname="testScenarios.DragandDrop" time="19.349">
    <error type="java.lang.NullPointerException">java.lang.NullPointerException
	at testScenarios.DragandDrop.TestScenario2(DragandDrop.java:67)
</error>
    <system-err><![CDATA[com.microsoft.playwright.PlaywrightException: Error {
  message='lambda error
  name='Internal Server Error
  stack='null
}
	at com.microsoft.playwright.impl.WaitableResult.get(WaitableResult.java:56)
	at com.microsoft.playwright.impl.ChannelOwner.runUntil(ChannelOwner.java:132)
	at com.microsoft.playwright.impl.Connection.sendMessage(Connection.java:130)
	at com.microsoft.playwright.impl.ChannelOwner.sendMessage(ChannelOwner.java:118)
	at com.microsoft.playwright.impl.Connection$Root.initialize(Connection.java:86)
	at com.microsoft.playwright.impl.Connection.initializePlaywright(Connection.java:181)
	at com.microsoft.playwright.impl.BrowserTypeImpl.connectImpl(BrowserTypeImpl.java:89)
	at com.microsoft.playwright.impl.BrowserTypeImpl.lambda$connect$1(BrowserTypeImpl.java:60)
	at com.microsoft.playwright.impl.LoggingSupport.withLogging(LoggingSupport.java:47)
	at com.microsoft.playwright.impl.ChannelOwner.withLogging(ChannelOwner.java:97)
	at com.microsoft.playwright.impl.BrowserTypeImpl.connect(BrowserTypeImpl.java:60)
	at com.microsoft.playwright.BrowserType.connect(BrowserType.java:1178)
	at base.BaseTest.createConnection(BaseTest.java:17)
	at testScenarios.DragandDrop.TestScenario2(DragandDrop.java:30)
	at java.base/jdk.internal.reflect.NativeMethodAccessorImpl.invoke0(Native Method)
	at java.base/jdk.internal.reflect.NativeMethodAccessorImpl.invoke(NativeMethodAccessorImpl.java:62)
	at java.base/jdk.internal.reflect.DelegatingMethodAccessorImpl.invoke(DelegatingMethodAccessorImpl.java:43)
	at java.base/java.lang.reflect.Method.invoke(Method.java:566)
	at org.junit.runners.model.FrameworkMethod$1.runReflectiveCall(FrameworkMethod.java:59)
	at org.junit.internal.runners.model.ReflectiveCallable.run(ReflectiveCallable.java:12)
	at org.junit.runners.model.FrameworkMethod.invokeExplosively(FrameworkMethod.java:56)
	at com.tngtech.java.junit.dataprovider.DataProviderFrameworkMethod.invokeExplosively(DataProviderFrameworkMethod.java:76)
	at org.junit.internal.runners.statements.InvokeMethod.evaluate(InvokeMethod.java:17)
	at org.junit.runners.ParentRunner$3.evaluate(ParentRunner.java:306)
	at org.junit.runners.BlockJUnit4ClassRunner$1.evaluate(BlockJUnit4ClassRunner.java:100)
	at org.junit.runners.ParentRunner.runLeaf(ParentRunner.java:366)
	at org.junit.runners.BlockJUnit4ClassRunner.runChild(BlockJUnit4ClassRunner.java:103)
	at org.junit.runners.BlockJUnit4ClassRunner.runChild(BlockJUnit4ClassRunner.java:63)
	at org.junit.runners.ParentRunner$4.run(ParentRunner.java:331)
	at org.apache.maven.surefire.junitcore.pc.Scheduler$1.run(Scheduler.java:410)
	at java.base/java.util.concurrent.Executors$RunnableAdapter.call(Executors.java:515)
	at java.base/java.util.concurrent.FutureTask.run(FutureTask.java:264)
	at java.base/java.util.concurrent.ThreadPoolExecutor.runWorker(ThreadPoolExecutor.java:1128)
	at java.base/java.util.concurrent.ThreadPoolExecutor$Worker.run(ThreadPoolExecutor.java:628)
	at java.base/java.lang.Thread.run(Thread.java:829)
Caused by: com.microsoft.playwright.impl.DriverException: Error {
  message='lambda error
  name='Internal Server Error
  stack='null
}
	at com.microsoft.playwright.impl.Connection.dispatch(Connection.java:259)
	at com.microsoft.playwright.impl.Connection.processOneMessage(Connection.java:211)
	at com.microsoft.playwright.impl.ChannelOwner.runUntil(ChannelOwner.java:130)
	... 33 more
com.microsoft.playwright.PlaywrightException: Error {
  message='lambda error
  name='Internal Server Error
  stack='null
}
	at com.microsoft.playwright.impl.WaitableResult.get(WaitableResult.java:56)
	at com.microsoft.playwright.impl.ChannelOwner.runUntil(ChannelOwner.java:132)
	at com.microsoft.playwright.impl.Connection.sendMessage(Connection.java:130)
	at com.microsoft.playwright.impl.ChannelOwner.sendMessage(ChannelOwner.java:118)
	at com.microsoft.playwright.impl.Connection$Root.initialize(Connection.java:86)
	at com.microsoft.playwright.impl.Connection.initializePlaywright(Connection.java:181)
	at com.microsoft.playwright.impl.BrowserTypeImpl.connectImpl(BrowserTypeImpl.java:89)
	at com.microsoft.playwright.impl.BrowserTypeImpl.lambda$connect$1(BrowserTypeImpl.java:60)
	at com.microsoft.playwright.impl.LoggingSupport.withLogging(LoggingSupport.java:47)
	at com.microsoft.playwright.impl.ChannelOwner.withLogging(ChannelOwner.java:97)
	at com.microsoft.playwright.impl.BrowserTypeImpl.connect(BrowserTypeImpl.java:60)
	at com.microsoft.playwright.BrowserType.connect(BrowserType.java:1178)
	at base.BaseTest.createConnection(BaseTest.java:17)
	at testScenarios.DragandDrop.TestScenario2(DragandDrop.java:30)
	at java.base/jdk.internal.reflect.NativeMethodAccessorImpl.invoke0(Native Method)
	at java.base/jdk.internal.reflect.NativeMethodAccessorImpl.invoke(NativeMethodAccessorImpl.java:62)
	at java.base/jdk.internal.reflect.DelegatingMethodAccessorImpl.invoke(DelegatingMethodAccessorImpl.java:43)
	at java.base/java.lang.reflect.Method.invoke(Method.java:566)
	at org.junit.runners.model.FrameworkMethod$1.runReflectiveCall(FrameworkMethod.java:59)
	at org.junit.internal.runners.model.ReflectiveCallable.run(ReflectiveCallable.java:12)
	at org.junit.runners.model.FrameworkMethod.invokeExplosively(FrameworkMethod.java:56)
	at com.tngtech.java.junit.dataprovider.DataProviderFrameworkMethod.invokeExplosively(DataProviderFrameworkMethod.java:76)
	at org.junit.internal.runners.statements.InvokeMethod.evaluate(InvokeMethod.java:17)
	at org.junit.runners.ParentRunner$3.evaluate(ParentRunner.java:306)
	at org.junit.runners.BlockJUnit4ClassRunner$1.evaluate(BlockJUnit4ClassRunner.java:100)
	at org.junit.runners.ParentRunner.runLeaf(ParentRunner.java:366)
	at org.junit.runners.BlockJUnit4ClassRunner.runChild(BlockJUnit4ClassRunner.java:103)
	at org.junit.runners.BlockJUnit4ClassRunner.runChild(BlockJUnit4ClassRunner.java:63)
	at org.junit.runners.ParentRunner$4.run(ParentRunner.java:331)
	at org.apache.maven.surefire.junitcore.pc.Scheduler$1.run(Scheduler.java:410)
	at java.base/java.util.concurrent.Executors$RunnableAdapter.call(Executors.java:515)
	at java.base/java.util.concurrent.FutureTask.run(FutureTask.java:264)
	at java.base/java.util.concurrent.ThreadPoolExecutor.runWorker(ThreadPoolExecutor.java:1128)
	at java.base/java.util.concurrent.ThreadPoolExecutor$Worker.run(ThreadPoolExecutor.java:628)
	at java.base/java.lang.Thread.run(Thread.java:829)
Caused by: com.microsoft.playwright.impl.DriverException: Error {
  message='lambda error
  name='Internal Server Error
  stack='null
}
	at com.microsoft.playwright.impl.Connection.dispatch(Connection.java:259)
	at com.microsoft.playwright.impl.Connection.processOneMessage(Connection.java:211)
	at com.microsoft.playwright.impl.ChannelOwner.runUntil(ChannelOwner.java:130)
	... 33 more
]]></system-err>
  </testcase>
</testsuite>